d:\activeproject\rcprofilehelper\debug\rcprofilehelper.obj
d:\activeproject\rcprofilehelper\debug\moc_rcprofilehelper.obj
d:\activeproject\rcprofilehelper\debug\moc_dlgnewprofilecreate.obj
d:\activeproject\rcprofilehelper\debug\main.obj
d:\activeproject\rcprofilehelper\debug\vc140.pdb
d:\activeproject\rcprofilehelper\debug\vc140.idb
d:\activeproject\rcprofilehelper\debug\dlgnewprofilecreate.obj
d:\activeproject\rcprofilehelper\generatedfiles\debug\moc_dlgnewprofilecreate.cpp
d:\activeproject\qtguimrc2018\win32\debug\rcprofilehelper.ilk
d:\activeproject\qtguimrc2018\win32\debug\rcprofilehelper.exe
d:\activeproject\qtguimrc2018\win32\debug\rcprofilehelper.pdb
d:\activeproject\rcprofilehelper\.\generatedfiles\debug\moc_rcprofilehelper.cpp
d:\activeproject\rcprofilehelper\.\generatedfiles\ui_dlgnewprofilecreate.h
d:\activeproject\rcprofilehelper\.\generatedfiles\ui_rcprofilehelper.h
d:\activeproject\rcprofilehelper\debug\rcprofilehelper.res
d:\activeproject\rcprofilehelper\generatedfiles\debug\moc_rcprofilehelper.cpp
d:\activeproject\rcprofilehelper\generatedfiles\ui_dlgnewprofilecreate.h
d:\activeproject\rcprofilehelper\generatedfiles\ui_rcprofilehelper.h
d:\activeproject\rcprofilehelper\debug\rcprofilehelper.vcxprojresolveassemblyreference.cache
d:\activeproject\rcprofilehelper\debug\rcprofilehelper.tlog\cl.command.1.tlog
d:\activeproject\rcprofilehelper\debug\rcprofilehelper.tlog\cl.read.1.tlog
d:\activeproject\rcprofilehelper\debug\rcprofilehelper.tlog\cl.write.1.tlog
d:\activeproject\rcprofilehelper\debug\rcprofilehelper.tlog\custombuild.command.1.tlog
d:\activeproject\rcprofilehelper\debug\rcprofilehelper.tlog\custombuild.read.1.tlog
d:\activeproject\rcprofilehelper\debug\rcprofilehelper.tlog\custombuild.write.1.tlog
d:\activeproject\rcprofilehelper\debug\rcprofilehelper.tlog\link.command.1.tlog
d:\activeproject\rcprofilehelper\debug\rcprofilehelper.tlog\link.read.1.tlog
d:\activeproject\rcprofilehelper\debug\rcprofilehelper.tlog\link.write.1.tlog
d:\activeproject\rcprofilehelper\debug\rcprofilehelper.tlog\qtmoc.read.1u.tlog
d:\activeproject\rcprofilehelper\debug\rcprofilehelper.tlog\qtmoc.write.1u.tlog
d:\activeproject\rcprofilehelper\debug\rcprofilehelper.tlog\qtuic.read.1u.tlog
d:\activeproject\rcprofilehelper\debug\rcprofilehelper.tlog\qtuic.write.1u.tlog
d:\activeproject\rcprofilehelper\debug\rcprofilehelper.tlog\rc.command.1.tlog
d:\activeproject\rcprofilehelper\debug\rcprofilehelper.tlog\rc.read.1.tlog
d:\activeproject\rcprofilehelper\debug\rcprofilehelper.tlog\rc.write.1.tlog
d:\activeproject\rcprofilehelper\debug\rcprofilehelper.tlog\rcprofilehelper.write.1u.tlog
